<?xml version="1.0" encoding="UTF-8"?>
<!-- Generated by org.testng.reporters.JUnitReportReporter -->
<testsuite hostname="LM-AUN-00873593" name="com.paypal.core.ConfigManagerTest" tests="4" failures="0" timestamp="23 Jan 2014 19:54:54 GMT" time="0.009" errors="0">
  <testcase name="getNumOfAcctTest" time="0.006" classname="com.paypal.core.ConfigManagerTest"/>
  <testcase name="getValuesByCategoryTest" time="0.000" classname="com.paypal.core.ConfigManagerTest"/>
  <testcase name="loadTest" time="0.001" classname="com.paypal.core.ConfigManagerTest"/>
  <testcase name="getValueTest" time="0.002" classname="com.paypal.core.ConfigManagerTest"/>
</testsuite> <!-- com.paypal.core.ConfigManagerTest -->
